\BOOKMARK [0][-]{chapter.1}{Installation}{}% 1
\BOOKMARK [1][-]{section.1.1}{OSX Installation}{chapter.1}% 2
\BOOKMARK [1][-]{section.1.2}{Linux installation}{chapter.1}% 3
\BOOKMARK [1][-]{section.1.3}{Windows installation}{chapter.1}% 4
\BOOKMARK [1][-]{section.1.4}{Docker installation}{chapter.1}% 5
\BOOKMARK [0][-]{chapter.2}{Software documentation}{}% 6
\BOOKMARK [1][-]{section.2.1}{Basic blocks}{chapter.2}% 7
\BOOKMARK [1][-]{section.2.2}{Axes}{chapter.2}% 8
\BOOKMARK [1][-]{section.2.3}{Combination of blocks}{chapter.2}% 9
\BOOKMARK [1][-]{section.2.4}{Transformations}{chapter.2}% 10
\BOOKMARK [1][-]{section.2.5}{Manual}{chapter.2}% 11
\BOOKMARK [0][-]{chapter.3}{Axes}{}% 12
\BOOKMARK [1][-]{section.3.1}{Common axis params}{chapter.3}% 13
\BOOKMARK [0][-]{chapter.4}{Main params}{}% 14
\BOOKMARK [1][-]{section.4.1}{List of main params}{chapter.4}% 15
\BOOKMARK [0][-]{chapter.5}{Type reference}{}% 16
\BOOKMARK [1][-]{section.5.1}{Type 1}{chapter.5}% 17
\BOOKMARK [1][-]{section.5.2}{Type 2}{chapter.5}% 18
\BOOKMARK [1][-]{section.5.3}{Type 3}{chapter.5}% 19
\BOOKMARK [1][-]{section.5.4}{Type 4}{chapter.5}% 20
\BOOKMARK [1][-]{section.5.5}{Type 5}{chapter.5}% 21
\BOOKMARK [1][-]{section.5.6}{Type 6}{chapter.5}% 22
\BOOKMARK [1][-]{section.5.7}{Type 7}{chapter.5}% 23
\BOOKMARK [1][-]{section.5.8}{Type 8}{chapter.5}% 24
\BOOKMARK [1][-]{section.5.9}{Type 9}{chapter.5}% 25
\BOOKMARK [1][-]{section.5.10}{Type 10}{chapter.5}% 26
\BOOKMARK [0][-]{chapter.6}{Examples}{}% 27
\BOOKMARK [1][-]{section.6.1}{Example: Amortized loan calculator}{chapter.6}% 28
\BOOKMARK [1][-]{section.6.2}{Example Photography exposure}{chapter.6}% 29
\BOOKMARK [0][-]{chapter.7}{Authors and license}{}% 30
